{
  "stats": {
    "suites": 1,
    "tests": 1,
    "passes": 1,
    "pending": 0,
    "failures": 0,
    "start": "2023-05-24T19:57:50.776Z",
    "end": "2023-05-24T19:57:51.117Z",
    "duration": 341,
    "testsRegistered": 1,
    "passPercent": 100,
    "pendingPercent": 0,
    "other": 0,
    "hasOther": false,
    "skipped": 0,
    "hasSkipped": false
  },
  "results": [
    {
      "uuid": "871d232f-e092-401d-b98b-edd824a43a8a",
      "title": "",
      "fullFile": "cypress/integration/login.spec.js",
      "file": "cypress/integration/login.spec.js",
      "beforeHooks": [],
      "afterHooks": [],
      "tests": [],
      "suites": [
        {
          "uuid": "e3414187-9708-465a-9c0f-158edc9e0d67",
          "title": "Login - Testes da API ServeRest",
          "fullFile": "",
          "file": "",
          "beforeHooks": [],
          "afterHooks": [],
          "tests": [
            {
              "title": "Deve fazer login com sucesso",
              "fullTitle": "Login - Testes da API ServeRest Deve fazer login com sucesso",
              "timedOut": null,
              "duration": 268,
              "state": "passed",
              "speed": "fast",
              "pass": true,
              "fail": false,
              "pending": false,
              "context": null,
              "code": "cy.request({\n  method: 'POST',\n  url: 'http://localhost:3000/login',\n  body: {\n    \"email\": \"fulano@qa.com\",\n    \"password\": \"teste\"\n  }\n}).then(response => {\n  // primeiro e feita a requisição e se obtem a resposta, então se valida a mensagem de status code\n  expect(response.status).to.equal(200);\n  expect(response.body.message).to.equal('Login realizado com sucesso'); // vai validar a mensagem de login\n  cy.log(response.body.authorization); // irá me retornar o token\n});",
              "err": {},
              "uuid": "74291ef7-b8d6-4c36-9834-0094d32c160a",
              "parentUUID": "e3414187-9708-465a-9c0f-158edc9e0d67",
              "isHook": false,
              "skipped": false
            }
          ],
          "suites": [],
          "passes": [
            "74291ef7-b8d6-4c36-9834-0094d32c160a"
          ],
          "failures": [],
          "pending": [],
          "skipped": [],
          "duration": 268,
          "root": false,
          "rootEmpty": false,
          "_timeout": 2000
        }
      ],
      "passes": [],
      "failures": [],
      "pending": [],
      "skipped": [],
      "duration": 0,
      "root": true,
      "rootEmpty": true,
      "_timeout": 2000
    }
  ],
  "meta": {
    "mocha": {
      "version": "7.0.1"
    },
    "mochawesome": {
      "options": {
        "quiet": false,
        "reportFilename": "mochawesome",
        "saveHtml": false,
        "saveJson": true,
        "consoleReporter": "spec",
        "useInlineDiffs": false,
        "code": true
      },
      "version": "7.1.3"
    },
    "marge": {
      "options": {
        "reportDir": "mochawesome-report",
        "overwrite": false,
        "html": false,
        "json": true
      },
      "version": "6.2.0"
    }
  }
}